Step: build-step-credential-initializer:

{"level":"warn","ts":1550614485.5007496,"logger":"fallback-logger","caller":"logging/config.go:65","msg":"Fetch GitHub commit ID from kodata failed: \"ref: refs/heads/test\" is not a valid GitHub commit ID"}
{"level":"info","ts":1550614485.5021412,"logger":"fallback-logger","caller":"creds-init/main.go:40","msg":"Credentials initialized."}
Step: build-step-git-source-0:

{"level":"warn","ts":1550614486.4534388,"logger":"fallback-logger","caller":"logging/config.go:65","msg":"Fetch GitHub commit ID from kodata failed: \"ref: refs/heads/test\" is not a valid GitHub commit ID"}
{"level":"info","ts":1550614486.5959077,"logger":"fallback-logger","caller":"git-init/main.go:92","msg":"Successfully cloned \"https://github.com/skknox/basic-spring-boot-app.git\" @ \"master\" in path \"/workspace\""}
Step: build-step-jenkins:

Picked up _JAVA_OPTIONS: -Xmx400m
Started
Running in Durability level: PERFORMANCE_OPTIMIZED
  12.192 [id=28]	WARNING	i.f.k.c.i.VersionUsageUtils#alert: The client is using resource type 'customresourcedefinitions' with unstable version 'v1beta1'
[Pipeline] node
Running on Jenkins in /tmp/jenkinsTests.tmp/jenkins8306418053705447360test/workspace/job
[Pipeline] {
[Pipeline] stage
[Pipeline] { (Declarative: Checkout SCM)
[Pipeline] checkout
[Pipeline] }
[Pipeline] // stage
[Pipeline] withCredentials
[Pipeline] {
[Pipeline] withEnv
[Pipeline] {
[Pipeline] stage
[Pipeline] { (CI Build and push snapshot)
Stage "CI Build and push snapshot" skipped due to when conditional
[Pipeline] }
[Pipeline] // stage
[Pipeline] stage
[Pipeline] { (Build Release)
[Pipeline] git
 > git rev-parse --is-inside-work-tree # timeout=10
Fetching changes from the remote Git repository
 > git config remote.origin.url https://github.com/skknox/basic-spring-boot-app.git # timeout=10
Fetching upstream changes from https://github.com/skknox/basic-spring-boot-app.git
 > git --version # timeout=10
 > git fetch --tags --progress https://github.com/skknox/basic-spring-boot-app.git +refs/heads/*:refs/remotes/origin/*
 > git rev-parse refs/remotes/origin/master^{commit} # timeout=10
 > git rev-parse refs/remotes/origin/origin/master^{commit} # timeout=10
Checking out Revision 77cfa7c6da270b8d2b811614b0ba281b1e1d5c5a (refs/remotes/origin/master)
 > git config core.sparsecheckout # timeout=10
 > git checkout -f 77cfa7c6da270b8d2b811614b0ba281b1e1d5c5a
 > git branch -a -v --no-abbrev # timeout=10
 > git branch -D master # timeout=10
 > git checkout -b master 77cfa7c6da270b8d2b811614b0ba281b1e1d5c5a
Commit message: "fix:(plugins) use a better version of maven plugins"
First time build. Skipping changelog.
[Pipeline] sh
+ jx-release-version
+ echo 0.0.1
[Pipeline] sh
+ cat VERSION
+ mvn versions:set -DnewVersion=0.0.1
Picked up _JAVA_OPTIONS: -Xmx400m
[WARNING] 
[WARNING] Some problems were encountered while building the effective settings
[WARNING] 'servers.server.id' must be unique but found duplicate server with id nexus @ /root/.m2/settings.xml
[WARNING] 
[INFO] Scanning for projects...
[INFO] Downloading from nexus: http://nexus/repository/maven-group/org/springframework/boot/spring-boot-starter-parent/2.1.3.RELEASE/spring-boot-starter-parent-2.1.3.RELEASE.pom
[ERROR] [ERROR] Some problems were encountered while processing the POMs:
[FATAL] Non-resolvable parent POM for com.example:basic-spring-boot-app:0.0.1-SNAPSHOT: Could not transfer artifact org.springframework.boot:spring-boot-starter-parent:pom:2.1.3.RELEASE from/to nexus (http://nexus/repository/maven-group/): Not authorized , ReasonPhrase:Unauthorized. and 'parent.relativePath' points at no local POM @ line 5, column 10
 @ 
[ERROR] The build could not read 1 project -> [Help 1]
[ERROR]   
[ERROR]   The project com.example:basic-spring-boot-app:0.0.1-SNAPSHOT (/tmp/jenkinsTests.tmp/jenkins8306418053705447360test/workspace/job/pom.xml) has 1 error
[ERROR]     Non-resolvable parent POM for com.example:basic-spring-boot-app:0.0.1-SNAPSHOT: Could not transfer artifact org.springframework.boot:spring-boot-starter-parent:pom:2.1.3.RELEASE from/to nexus (http://nexus/repository/maven-group/): Not authorized , ReasonPhrase:Unauthorized. and 'parent.relativePath' points at no local POM @ line 5, column 10 -> [Help 2]
[ERROR] 
[ERROR] To see the full stack trace of the errors, re-run Maven with the -e switch.
[ERROR] Re-run Maven using the -X switch to enable full debug logging.
[ERROR] 
[ERROR] For more information about the errors and possible solutions, please read the following articles:
[ERROR] [Help 1] http://cwiki.apache.org/confluence/display/MAVEN/ProjectBuildingException
[ERROR] [Help 2] http://cwiki.apache.org/confluence/display/MAVEN/UnresolvableModelException
[Pipeline] }
[Pipeline] // stage
[Pipeline] stage
[Pipeline] { (Promote to Environments)
Stage "Promote to Environments" skipped due to earlier failure(s)
[Pipeline] }
[Pipeline] // stage
[Pipeline] }
[Pipeline] // withEnv
[Pipeline] }
[Pipeline] // withCredentials
[Pipeline] }
[Pipeline] // node
[Pipeline] End of Pipeline
ERROR: script returned exit code 1
Finished: FAILURE
